<?xml version="1.0" encoding="UTF-8"?>
<testsuite name="br.com.blz.testjava.domain.repository.ProductRepositoryTest" tests="5" skipped="0" failures="0" errors="0" timestamp="2021-07-04T17:24:51" hostname="jose-Inspiron-5590" time="0.779">
  <properties/>
  <testcase name="verify save success()" classname="br.com.blz.testjava.domain.repository.ProductRepositoryTest" time="0.701"/>
  <testcase name="verify update success()" classname="br.com.blz.testjava.domain.repository.ProductRepositoryTest" time="0.035"/>
  <testcase name="Whe sku is stored Then return true()" classname="br.com.blz.testjava.domain.repository.ProductRepositoryTest" time="0.009"/>
  <testcase name="verify delete success()" classname="br.com.blz.testjava.domain.repository.ProductRepositoryTest" time="0.011"/>
  <testcase name="Whe sku is not stored Then return false()" classname="br.com.blz.testjava.domain.repository.ProductRepositoryTest" time="0.007"/>
  <system-out><![CDATA[14:24:48.107 [Test worker] DEBUG org.springframework.test.context.BootstrapUtils - Instantiating CacheAwareContextLoaderDelegate from class [org.springframework.test.context.cache.DefaultCacheAwareContextLoaderDelegate]
14:24:48.137 [Test worker] DEBUG org.springframework.test.context.BootstrapUtils - Instantiating BootstrapContext using constructor [public org.springframework.test.context.support.DefaultBootstrapContext(java.lang.Class,org.springframework.test.context.CacheAwareContextLoaderDelegate)]
14:24:48.208 [Test worker] DEBUG org.springframework.test.context.BootstrapUtils - Instantiating TestContextBootstrapper for test class [br.com.blz.testjava.domain.repository.ProductRepositoryTest] from class [org.springframework.boot.test.autoconfigure.web.reactive.WebFluxTestContextBootstrapper]
14:24:48.236 [Test worker] DEBUG org.springframework.test.context.support.AbstractContextLoader - Did not detect default resource location for test class [br.com.blz.testjava.domain.repository.ProductRepositoryTest]: class path resource [br/com/blz/testjava/domain/repository/ProductRepositoryTest-context.xml] does not exist
14:24:48.237 [Test worker] DEBUG org.springframework.test.context.support.AbstractContextLoader - Did not detect default resource location for test class [br.com.blz.testjava.domain.repository.ProductRepositoryTest]: class path resource [br/com/blz/testjava/domain/repository/ProductRepositoryTestContext.groovy] does not exist
14:24:48.237 [Test worker] INFO org.springframework.test.context.support.AbstractContextLoader - Could not detect default resource locations for test class [br.com.blz.testjava.domain.repository.ProductRepositoryTest]: no resource found for suffixes {-context.xml, Context.groovy}.
14:24:48.368 [Test worker] DEBUG org.springframework.boot.test.autoconfigure.web.reactive.WebFluxTestContextBootstrapper - @TestExecutionListeners is not present for class [br.com.blz.testjava.domain.repository.ProductRepositoryTest]: using defaults.
14:24:48.369 [Test worker] INFO org.springframework.boot.test.autoconfigure.web.reactive.WebFluxTestContextBootstrapper - Loaded default TestExecutionListener class names from location [META-INF/spring.factories]: [org.springframework.boot.test.autoconfigure.restdocs.RestDocsTestExecutionListener, org.springframework.boot.test.autoconfigure.web.client.MockRestServiceServerResetTestExecutionListener, org.springframework.boot.test.autoconfigure.web.servlet.MockMvcPrintOnlyOnFailureTestExecutionListener, org.springframework.boot.test.autoconfigure.web.servlet.WebDriverTestExecutionListener, org.springframework.boot.test.autoconfigure.webservices.client.MockWebServiceServerTestExecutionListener, org.springframework.boot.test.mock.mockito.MockitoTestExecutionListener, org.springframework.boot.test.mock.mockito.ResetMocksTestExecutionListener, org.springframework.test.context.web.ServletTestExecutionListener, org.springframework.test.context.support.DirtiesContextBeforeModesTestExecutionListener, org.springframework.test.context.event.ApplicationEventsTestExecutionListener, org.springframework.test.context.support.DependencyInjectionTestExecutionListener, org.springframework.test.context.support.DirtiesContextTestExecutionListener, org.springframework.test.context.transaction.TransactionalTestExecutionListener, org.springframework.test.context.jdbc.SqlScriptsTestExecutionListener, org.springframework.test.context.event.EventPublishingTestExecutionListener]
14:24:48.384 [Test worker] DEBUG org.springframework.boot.test.autoconfigure.web.reactive.WebFluxTestContextBootstrapper - Skipping candidate TestExecutionListener [org.springframework.test.context.web.ServletTestExecutionListener] due to a missing dependency. Specify custom listener classes or make the default listener classes and their required dependencies available. Offending class: [javax/servlet/ServletContext]
14:24:48.387 [Test worker] DEBUG org.springframework.boot.test.autoconfigure.web.reactive.WebFluxTestContextBootstrapper - Skipping candidate TestExecutionListener [org.springframework.test.context.transaction.TransactionalTestExecutionListener] due to a missing dependency. Specify custom listener classes or make the default listener classes and their required dependencies available. Offending class: [org/springframework/transaction/TransactionDefinition]
14:24:48.387 [Test worker] DEBUG org.springframework.boot.test.autoconfigure.web.reactive.WebFluxTestContextBootstrapper - Skipping candidate TestExecutionListener [org.springframework.test.context.jdbc.SqlScriptsTestExecutionListener] due to a missing dependency. Specify custom listener classes or make the default listener classes and their required dependencies available. Offending class: [org/springframework/transaction/interceptor/TransactionAttribute]
14:24:48.388 [Test worker] INFO org.springframework.boot.test.autoconfigure.web.reactive.WebFluxTestContextBootstrapper - Using TestExecutionListeners: [org.springframework.test.context.support.DirtiesContextBeforeModesTestExecutionListener@2667443d, org.springframework.test.context.event.ApplicationEventsTestExecutionListener@ede64b4, org.springframework.boot.test.mock.mockito.MockitoTestExecutionListener@1360f394, org.springframework.boot.test.autoconfigure.SpringBootDependencyInjectionTestExecutionListener@5377edbf, org.springframework.test.context.support.DirtiesContextTestExecutionListener@4f2d0d40, org.springframework.test.context.event.EventPublishingTestExecutionListener@322b3bd5, org.springframework.boot.test.autoconfigure.restdocs.RestDocsTestExecutionListener@26438257, org.springframework.boot.test.autoconfigure.web.client.MockRestServiceServerResetTestExecutionListener@4ab58935, org.springframework.boot.test.autoconfigure.web.servlet.MockMvcPrintOnlyOnFailureTestExecutionListener@6dd5da2e, org.springframework.boot.test.autoconfigure.web.servlet.WebDriverTestExecutionListener@6cba1d2, org.springframework.boot.test.autoconfigure.webservices.client.MockWebServiceServerTestExecutionListener@3ca0ca66, org.springframework.boot.test.mock.mockito.ResetMocksTestExecutionListener@5a3a10e6]
14:24:48.393 [Test worker] DEBUG org.springframework.test.context.support.AbstractDirtiesContextTestExecutionListener - Before test class: context [DefaultTestContext@5eb423c4 testClass = ProductRepositoryTest, testInstance = [null], testMethod = [null], testException = [null], mergedContextConfiguration = [ReactiveWebMergedContextConfiguration@7ba9de01 testClass = ProductRepositoryTest, locations = '{}', classes = '{class br.com.blz.testjava.domain.repository.ProductRepository}', contextInitializerClasses = '[]', activeProfiles = '{test}', propertySourceLocations = '{}', propertySourceProperties = '{org.springframework.boot.test.autoconfigure.web.reactive.WebFluxTestContextBootstrapper=true}', contextCustomizers = set[org.springframework.boot.test.autoconfigure.OverrideAutoConfigurationContextCustomizerFactory$DisableAutoConfigurationContextCustomizer@387cf89d, org.springframework.boot.test.autoconfigure.actuate.metrics.MetricsExportContextCustomizerFactory$DisableMetricExportContextCustomizer@27c7ff96, org.springframework.boot.test.autoconfigure.filter.TypeExcludeFiltersContextCustomizer@9c9ae768, org.springframework.boot.test.autoconfigure.properties.PropertyMappingContextCustomizer@d12138b3, org.springframework.boot.test.autoconfigure.web.servlet.WebDriverContextCustomizerFactory$Customizer@ce0128a, [ImportsContextCustomizer@5b712b2f key = [org.springframework.boot.autoconfigure.cache.CacheAutoConfiguration, org.springframework.boot.autoconfigure.gson.GsonAutoConfiguration, org.springframework.boot.autoconfigure.jackson.JacksonAutoConfiguration, org.springframework.boot.autoconfigure.jsonb.JsonbAutoConfiguration, org.springframework.boot.autoconfigure.context.MessageSourceAutoConfiguration, org.springframework.boot.autoconfigure.freemarker.FreeMarkerAutoConfiguration, org.springframework.boot.autoconfigure.http.codec.CodecsAutoConfiguration, org.springframework.boot.autoconfigure.mustache.MustacheAutoConfiguration, org.springframework.boot.autoconfigure.thymeleaf.ThymeleafAutoConfiguration, org.springframework.boot.autoconfigure.validation.ValidationAutoConfiguration, org.springframework.boot.autoconfigure.web.reactive.WebFluxAutoConfiguration, org.springframework.boot.autoconfigure.web.reactive.error.ErrorWebFluxAutoConfiguration, org.springframework.boot.autoconfigure.security.oauth2.client.reactive.ReactiveOAuth2ClientAutoConfiguration, org.springframework.boot.autoconfigure.security.oauth2.resource.reactive.ReactiveOAuth2ResourceServerAutoConfiguration, org.springframework.boot.autoconfigure.security.reactive.ReactiveSecurityAutoConfiguration, org.springframework.boot.autoconfigure.security.reactive.ReactiveUserDetailsServiceAutoConfiguration, org.springframework.boot.test.autoconfigure.web.reactive.WebTestClientAutoConfiguration]], org.springframework.boot.test.context.filter.ExcludeFilterContextCustomizer@72f41020, org.springframework.boot.test.json.DuplicateJsonObjectContextCustomizerFactory$DuplicateJsonObjectContextCustomizer@36ed48b, org.springframework.boot.test.mock.mockito.MockitoContextCustomizer@0, org.springframework.boot.test.context.SpringBootTestArgs@1, org.springframework.boot.test.context.SpringBootTestWebEnvironment@0], contextLoader = 'org.springframework.boot.test.context.SpringBootContextLoader', parent = [null]], attributes = map[[empty]]], class annotated with @DirtiesContext [false] with mode [null].
14:24:48.446 [Test worker] DEBUG org.springframework.test.context.support.DependencyInjectionTestExecutionListener - Performing dependency injection for test context [[DefaultTestContext@5eb423c4 testClass = ProductRepositoryTest, testInstance = br.com.blz.testjava.domain.repository.ProductRepositoryTest@12052120, testMethod = [null], testException = [null], mergedContextConfiguration = [ReactiveWebMergedContextConfiguration@7ba9de01 testClass = ProductRepositoryTest, locations = '{}', classes = '{class br.com.blz.testjava.domain.repository.ProductRepository}', contextInitializerClasses = '[]', activeProfiles = '{test}', propertySourceLocations = '{}', propertySourceProperties = '{org.springframework.boot.test.autoconfigure.web.reactive.WebFluxTestContextBootstrapper=true}', contextCustomizers = set[org.springframework.boot.test.autoconfigure.OverrideAutoConfigurationContextCustomizerFactory$DisableAutoConfigurationContextCustomizer@387cf89d, org.springframework.boot.test.autoconfigure.actuate.metrics.MetricsExportContextCustomizerFactory$DisableMetricExportContextCustomizer@27c7ff96, org.springframework.boot.test.autoconfigure.filter.TypeExcludeFiltersContextCustomizer@9c9ae768, org.springframework.boot.test.autoconfigure.properties.PropertyMappingContextCustomizer@d12138b3, org.springframework.boot.test.autoconfigure.web.servlet.WebDriverContextCustomizerFactory$Customizer@ce0128a, [ImportsContextCustomizer@5b712b2f key = [org.springframework.boot.autoconfigure.cache.CacheAutoConfiguration, org.springframework.boot.autoconfigure.gson.GsonAutoConfiguration, org.springframework.boot.autoconfigure.jackson.JacksonAutoConfiguration, org.springframework.boot.autoconfigure.jsonb.JsonbAutoConfiguration, org.springframework.boot.autoconfigure.context.MessageSourceAutoConfiguration, org.springframework.boot.autoconfigure.freemarker.FreeMarkerAutoConfiguration, org.springframework.boot.autoconfigure.http.codec.CodecsAutoConfiguration, org.springframework.boot.autoconfigure.mustache.MustacheAutoConfiguration, org.springframework.boot.autoconfigure.thymeleaf.ThymeleafAutoConfiguration, org.springframework.boot.autoconfigure.validation.ValidationAutoConfiguration, org.springframework.boot.autoconfigure.web.reactive.WebFluxAutoConfiguration, org.springframework.boot.autoconfigure.web.reactive.error.ErrorWebFluxAutoConfiguration, org.springframework.boot.autoconfigure.security.oauth2.client.reactive.ReactiveOAuth2ClientAutoConfiguration, org.springframework.boot.autoconfigure.security.oauth2.resource.reactive.ReactiveOAuth2ResourceServerAutoConfiguration, org.springframework.boot.autoconfigure.security.reactive.ReactiveSecurityAutoConfiguration, org.springframework.boot.autoconfigure.security.reactive.ReactiveUserDetailsServiceAutoConfiguration, org.springframework.boot.test.autoconfigure.web.reactive.WebTestClientAutoConfiguration]], org.springframework.boot.test.context.filter.ExcludeFilterContextCustomizer@72f41020, org.springframework.boot.test.json.DuplicateJsonObjectContextCustomizerFactory$DuplicateJsonObjectContextCustomizer@36ed48b, org.springframework.boot.test.mock.mockito.MockitoContextCustomizer@0, org.springframework.boot.test.context.SpringBootTestArgs@1, org.springframework.boot.test.context.SpringBootTestWebEnvironment@0], contextLoader = 'org.springframework.boot.test.context.SpringBootContextLoader', parent = [null]], attributes = map['org.springframework.test.context.event.ApplicationEventsTestExecutionListener.recordApplicationEvents' -> false]]].
14:24:48.503 [Test worker] DEBUG org.springframework.core.env.StandardEnvironment - Activating profiles [test]
14:24:48.511 [Test worker] DEBUG org.springframework.test.context.support.TestPropertySourceUtils - Adding inlined properties to environment: {spring.jmx.enabled=false, org.springframework.boot.test.autoconfigure.web.reactive.WebFluxTestContextBootstrapper=true}

  .   ____          _            __ _ _
 /\\ / ___'_ __ _ _(_)_ __  __ _ \ \ \ \
( ( )\___ | '_ | '_| | '_ \/ _` | \ \ \ \
 \\/  ___)| |_)| | | | | || (_| |  ) ) ) )
  '  |____| .__|_| |_|_| |_\__, | / / / /
 =========|_|==============|___/=/_/_/_/
 :: Spring Boot ::                (v2.5.2)

2021-07-04 14:24:49.127  INFO 15830 --- [    Test worker] b.c.b.t.d.r.ProductRepositoryTest        : Starting ProductRepositoryTest using Java 11.0.10 on jose-Inspiron-5590 with PID 15830 (started by exacta in /home/exacta/projetos_estudo/test-java)
2021-07-04 14:24:49.129  INFO 15830 --- [    Test worker] b.c.b.t.d.r.ProductRepositoryTest        : The following profiles are active: test
2021-07-04 14:24:51.246  INFO 15830 --- [    Test worker] b.c.b.t.d.r.ProductRepositoryTest        : Started ProductRepositoryTest in 2.719 seconds (JVM running for 4.476)
2021-07-04 14:24:51.864  INFO 15830 --- [    Test worker] b.c.b.t.d.repository.ProductRepository   :  ==== inserting a follow product [ProductModel(sku=1, name=Geléia, warehouses=[WarehouseModel(locality=São João do Oeste, quantity=2, type=PHYSICAL_STORE)])]
2021-07-04 14:24:51.970  INFO 15830 --- [    Test worker] b.c.b.t.d.repository.ProductRepository   :  ==== inserting a follow product [ProductModel(sku=2, name=Romã, warehouses=[WarehouseModel(locality=Passo de Camaragibe, quantity=1, type=ECOMMERCE), WarehouseModel(locality=Vila Nova do Sul, quantity=11, type=ECOMMERCE), WarehouseModel(locality=Santa Cruz das Palmeiras, quantity=10, type=ECOMMERCE), WarehouseModel(locality=Araçoiaba da Serra, quantity=10, type=PHYSICAL_STORE), WarehouseModel(locality=São João Evangelista, quantity=3, type=PHYSICAL_STORE), WarehouseModel(locality=Irauçuba, quantity=12, type=ECOMMERCE), WarehouseModel(locality=Bom Retiro do Sul, quantity=5, type=ECOMMERCE)])]
2021-07-04 14:24:51.972  INFO 15830 --- [    Test worker] b.c.b.t.d.repository.ProductRepository   :  ==== updating a follow product [ProductModel(sku=2, name=Feijão Branco, warehouses=[WarehouseModel(locality=Seropédica, quantity=11, type=PHYSICAL_STORE), WarehouseModel(locality=Entre Folhas, quantity=6, type=PHYSICAL_STORE), WarehouseModel(locality=Varre-Sai, quantity=6, type=ECOMMERCE), WarehouseModel(locality=Jaguaruana, quantity=7, type=PHYSICAL_STORE), WarehouseModel(locality=Altair, quantity=17, type=ECOMMERCE), WarehouseModel(locality=Landri Sales, quantity=14, type=PHYSICAL_STORE), WarehouseModel(locality=Rio Pardo de Minas, quantity=5, type=PHYSICAL_STORE)])]
2021-07-04 14:24:51.974  INFO 15830 --- [    Test worker] b.c.b.t.d.repository.ProductRepository   :  ==== getting a product with follow sku [2]
2021-07-04 14:24:52.014  INFO 15830 --- [    Test worker] b.c.b.t.d.repository.ProductRepository   :  ==== inserting a follow product [ProductModel(sku=4, name=Alface, warehouses=[WarehouseModel(locality=Italva, quantity=7, type=PHYSICAL_STORE), WarehouseModel(locality=Cerro Negro, quantity=9, type=ECOMMERCE), WarehouseModel(locality=Itamari, quantity=14, type=ECOMMERCE), WarehouseModel(locality=Floresta Azul, quantity=3, type=PHYSICAL_STORE)])]
2021-07-04 14:24:52.016  INFO 15830 --- [    Test worker] b.c.b.t.d.repository.ProductRepository   :  ==== checking if has product with sku [4]
2021-07-04 14:24:52.026  INFO 15830 --- [    Test worker] b.c.b.t.d.repository.ProductRepository   :  ==== inserting a follow product [ProductModel(sku=5, name=Sal Marinho, warehouses=[WarehouseModel(locality=Taubaté, quantity=16, type=ECOMMERCE), WarehouseModel(locality=Santa Rita, quantity=0, type=ECOMMERCE), WarehouseModel(locality=Araras, quantity=4, type=PHYSICAL_STORE), WarehouseModel(locality=Jordânia, quantity=9, type=ECOMMERCE), WarehouseModel(locality=Lagoa Grande do Maranhão, quantity=8, type=PHYSICAL_STORE)])]
2021-07-04 14:24:52.027  INFO 15830 --- [    Test worker] b.c.b.t.d.repository.ProductRepository   :  ==== getting a product with follow sku [5]
2021-07-04 14:24:52.029  INFO 15830 --- [    Test worker] b.c.b.t.d.repository.ProductRepository   :  ==== deleting a product with follow sku [5]
2021-07-04 14:24:52.039  INFO 15830 --- [    Test worker] b.c.b.t.d.repository.ProductRepository   :  ==== inserting a follow product [ProductModel(sku=6, name=Amaranto, warehouses=[WarehouseModel(locality=Salto da Divisa, quantity=8, type=ECOMMERCE), WarehouseModel(locality=Monte Santo do Tocantins, quantity=11, type=PHYSICAL_STORE), WarehouseModel(locality=Nova Venécia, quantity=3, type=PHYSICAL_STORE), WarehouseModel(locality=Junco do Seridó, quantity=14, type=ECOMMERCE)])]
2021-07-04 14:24:52.040  INFO 15830 --- [    Test worker] b.c.b.t.d.repository.ProductRepository   :  ==== checking if has product with sku [501197492566574016]
]]></system-out>
  <system-err><![CDATA[]]></system-err>
</testsuite>
