<?xml version="1.0" encoding="UTF-8"?>
<testsuite name="br.com.blz.testjava.api.controller.product.ProductControllerUpdateTest" tests="9" skipped="0" failures="0" errors="0" timestamp="2021-07-04T17:24:53" hostname="jose-Inspiron-5590" time="0.991">
  <properties/>
  <testcase name="[1] request=ProductUpdateRequest(name=null, inventory=br.com.blz.testjava.api.controller.request.update.ProductInventoryUpdateRequest@1bb40718), fieldWithError=name" classname="br.com.blz.testjava.api.controller.product.ProductControllerUpdateTest" time="0.787"/>
  <testcase name="[2] request=ProductUpdateRequest(name=Molho De Soja, inventory=br.com.blz.testjava.api.controller.request.update.ProductInventoryUpdateRequest@7e027474), fieldWithError=inventory.warehouses[0].locality" classname="br.com.blz.testjava.api.controller.product.ProductControllerUpdateTest" time="0.014"/>
  <testcase name="[3] request=ProductUpdateRequest(name=Pimenta Da Jamaica, inventory=br.com.blz.testjava.api.controller.request.update.ProductInventoryUpdateRequest@5829178a), fieldWithError=inventory.warehouses[0].quantity" classname="br.com.blz.testjava.api.controller.product.ProductControllerUpdateTest" time="0.011"/>
  <testcase name="[4] request=ProductUpdateRequest(name=Queijo Parmesão, inventory=br.com.blz.testjava.api.controller.request.update.ProductInventoryUpdateRequest@31bb7aaa), fieldWithError=inventory.warehouses[0].quantity" classname="br.com.blz.testjava.api.controller.product.ProductControllerUpdateTest" time="0.011"/>
  <testcase name="[5] request=ProductUpdateRequest(name=Alcaçuz, inventory=br.com.blz.testjava.api.controller.request.update.ProductInventoryUpdateRequest@1a1f4dfa), fieldWithError=inventory.warehouses[0].type" classname="br.com.blz.testjava.api.controller.product.ProductControllerUpdateTest" time="0.013"/>
  <testcase name="update test()" classname="br.com.blz.testjava.api.controller.product.ProductControllerUpdateTest" time="0.09"/>
  <testcase name="[1] request=ProductUpdateRequest(name=Fenacho, inventory=null)" classname="br.com.blz.testjava.api.controller.product.ProductControllerUpdateTest" time="0.014"/>
  <testcase name="[2] request=ProductUpdateRequest(name=Mel, inventory=br.com.blz.testjava.api.controller.request.update.ProductInventoryUpdateRequest@3555ae58)" classname="br.com.blz.testjava.api.controller.product.ProductControllerUpdateTest" time="0.013"/>
  <testcase name="[3] request=ProductUpdateRequest(name=Lagosta, inventory=br.com.blz.testjava.api.controller.request.update.ProductInventoryUpdateRequest@7f80593e)" classname="br.com.blz.testjava.api.controller.product.ProductControllerUpdateTest" time="0.014"/>
  <system-out><![CDATA[2021-07-04 14:24:52.427  INFO 15830 --- [    Test worker] o.s.t.c.support.AbstractContextLoader    : Could not detect default resource locations for test class [br.com.blz.testjava.api.controller.product.ProductControllerUpdateTest]: no resource found for suffixes {-context.xml, Context.groovy}.
2021-07-04 14:24:52.428  INFO 15830 --- [    Test worker] o.s.t.c.support.AbstractContextLoader    : Could not detect default resource locations for test class [br.com.blz.testjava.api.controller.AbstractControllerTestWithBody]: no resource found for suffixes {-context.xml, Context.groovy}.
2021-07-04 14:24:52.448  INFO 15830 --- [    Test worker] b.t.a.w.r.WebFluxTestContextBootstrapper : Loaded default TestExecutionListener class names from location [META-INF/spring.factories]: [org.springframework.boot.test.autoconfigure.restdocs.RestDocsTestExecutionListener, org.springframework.boot.test.autoconfigure.web.client.MockRestServiceServerResetTestExecutionListener, org.springframework.boot.test.autoconfigure.web.servlet.MockMvcPrintOnlyOnFailureTestExecutionListener, org.springframework.boot.test.autoconfigure.web.servlet.WebDriverTestExecutionListener, org.springframework.boot.test.autoconfigure.webservices.client.MockWebServiceServerTestExecutionListener, org.springframework.boot.test.mock.mockito.MockitoTestExecutionListener, org.springframework.boot.test.mock.mockito.ResetMocksTestExecutionListener, org.springframework.test.context.web.ServletTestExecutionListener, org.springframework.test.context.support.DirtiesContextBeforeModesTestExecutionListener, org.springframework.test.context.event.ApplicationEventsTestExecutionListener, org.springframework.test.context.support.DependencyInjectionTestExecutionListener, org.springframework.test.context.support.DirtiesContextTestExecutionListener, org.springframework.test.context.transaction.TransactionalTestExecutionListener, org.springframework.test.context.jdbc.SqlScriptsTestExecutionListener, org.springframework.test.context.event.EventPublishingTestExecutionListener]
2021-07-04 14:24:52.450  INFO 15830 --- [    Test worker] b.t.a.w.r.WebFluxTestContextBootstrapper : Using TestExecutionListeners: [org.springframework.test.context.support.DirtiesContextBeforeModesTestExecutionListener@520b3e63, org.springframework.test.context.event.ApplicationEventsTestExecutionListener@1399db88, org.springframework.boot.test.mock.mockito.MockitoTestExecutionListener@69cd9e0f, org.springframework.boot.test.autoconfigure.SpringBootDependencyInjectionTestExecutionListener@4d0103ef, org.springframework.test.context.support.DirtiesContextTestExecutionListener@4672d40a, org.springframework.test.context.event.EventPublishingTestExecutionListener@1bea12d7, org.springframework.boot.test.autoconfigure.restdocs.RestDocsTestExecutionListener@1e52ca43, org.springframework.boot.test.autoconfigure.web.client.MockRestServiceServerResetTestExecutionListener@5b09bc1d, org.springframework.boot.test.autoconfigure.web.servlet.MockMvcPrintOnlyOnFailureTestExecutionListener@b8bf1f2, org.springframework.boot.test.autoconfigure.web.servlet.WebDriverTestExecutionListener@40bc36fe, org.springframework.boot.test.autoconfigure.webservices.client.MockWebServiceServerTestExecutionListener@48b4fc78, org.springframework.boot.test.mock.mockito.ResetMocksTestExecutionListener@5ecb5827]

  .   ____          _            __ _ _
 /\\ / ___'_ __ _ _(_)_ __  __ _ \ \ \ \
( ( )\___ | '_ | '_| | '_ \/ _` | \ \ \ \
 \\/  ___)| |_)| | | | | || (_| |  ) ) ) )
  '  |____| .__|_| |_|_| |_\__, | / / / /
 =========|_|==============|___/=/_/_/_/
 :: Spring Boot ::                (v2.5.2)

2021-07-04 14:24:52.564  INFO 15830 --- [    Test worker] .c.b.t.a.c.p.ProductControllerUpdateTest : Starting ProductControllerUpdateTest using Java 11.0.10 on jose-Inspiron-5590 with PID 15830 (started by exacta in /home/exacta/projetos_estudo/test-java)
2021-07-04 14:24:52.565  INFO 15830 --- [    Test worker] .c.b.t.a.c.p.ProductControllerUpdateTest : The following profiles are active: test
2021-07-04 14:24:53.201  INFO 15830 --- [    Test worker] .c.b.t.a.c.p.ProductControllerUpdateTest : Started ProductControllerUpdateTest in 0.659 seconds (JVM running for 6.431)
2021-07-04 14:24:53.954 ERROR 15830 --- [     parallel-1] b.c.b.t.a.e.ControllerExceptionHandler   : === WebExchangeBindException -> Validation failed for argument at index 1 in method: public reactor.core.publisher.Mono<br.com.blz.testjava.api.controller.response.updated.ProductUpdatedResponse> br.com.blz.testjava.api.controller.ProductController.update(long,br.com.blz.testjava.api.controller.request.update.ProductUpdateRequest), with 1 error(s): [Field error in object 'productUpdateRequest' on field 'name': rejected value [null]; codes [NotBlank.productUpdateRequest.name,NotBlank.name,NotBlank.java.lang.String,NotBlank]; arguments [org.springframework.context.support.DefaultMessageSourceResolvable: codes [productUpdateRequest.name,name]; arguments []; default message [name]]; default message [não deve estar em branco]] 
2021-07-04 14:24:54.047 ERROR 15830 --- [     parallel-2] b.c.b.t.a.e.ControllerExceptionHandler   : === WebExchangeBindException -> Validation failed for argument at index 1 in method: public reactor.core.publisher.Mono<br.com.blz.testjava.api.controller.response.updated.ProductUpdatedResponse> br.com.blz.testjava.api.controller.ProductController.update(long,br.com.blz.testjava.api.controller.request.update.ProductUpdateRequest), with 1 error(s): [Field error in object 'productUpdateRequest' on field 'inventory.warehouses[0].locality': rejected value [       ]; codes [NotBlank.productUpdateRequest.inventory.warehouses[0].locality,NotBlank.productUpdateRequest.inventory.warehouses.locality,NotBlank.inventory.warehouses[0].locality,NotBlank.inventory.warehouses.locality,NotBlank.locality,NotBlank.java.lang.String,NotBlank]; arguments [org.springframework.context.support.DefaultMessageSourceResolvable: codes [productUpdateRequest.inventory.warehouses[0].locality,inventory.warehouses[0].locality]; arguments []; default message [inventory.warehouses[0].locality]]; default message [não deve estar em branco]] 
2021-07-04 14:24:54.061 ERROR 15830 --- [     parallel-3] b.c.b.t.a.e.ControllerExceptionHandler   : === WebExchangeBindException -> Validation failed for argument at index 1 in method: public reactor.core.publisher.Mono<br.com.blz.testjava.api.controller.response.updated.ProductUpdatedResponse> br.com.blz.testjava.api.controller.ProductController.update(long,br.com.blz.testjava.api.controller.request.update.ProductUpdateRequest), with 1 error(s): [Field error in object 'productUpdateRequest' on field 'inventory.warehouses[0].quantity': rejected value [-7853507878626886656]; codes [PositiveOrZero.productUpdateRequest.inventory.warehouses[0].quantity,PositiveOrZero.productUpdateRequest.inventory.warehouses.quantity,PositiveOrZero.inventory.warehouses[0].quantity,PositiveOrZero.inventory.warehouses.quantity,PositiveOrZero.quantity,PositiveOrZero.java.lang.Long,PositiveOrZero]; arguments [org.springframework.context.support.DefaultMessageSourceResolvable: codes [productUpdateRequest.inventory.warehouses[0].quantity,inventory.warehouses[0].quantity]; arguments []; default message [inventory.warehouses[0].quantity]]; default message [deve ser maior ou igual a 0]] 
2021-07-04 14:24:54.075 ERROR 15830 --- [     parallel-4] b.c.b.t.a.e.ControllerExceptionHandler   : === WebExchangeBindException -> Validation failed for argument at index 1 in method: public reactor.core.publisher.Mono<br.com.blz.testjava.api.controller.response.updated.ProductUpdatedResponse> br.com.blz.testjava.api.controller.ProductController.update(long,br.com.blz.testjava.api.controller.request.update.ProductUpdateRequest), with 1 error(s): [Field error in object 'productUpdateRequest' on field 'inventory.warehouses[0].quantity': rejected value [null]; codes [NotNull.productUpdateRequest.inventory.warehouses[0].quantity,NotNull.productUpdateRequest.inventory.warehouses.quantity,NotNull.inventory.warehouses[0].quantity,NotNull.inventory.warehouses.quantity,NotNull.quantity,NotNull.java.lang.Long,NotNull]; arguments [org.springframework.context.support.DefaultMessageSourceResolvable: codes [productUpdateRequest.inventory.warehouses[0].quantity,inventory.warehouses[0].quantity]; arguments []; default message [inventory.warehouses[0].quantity]]; default message [não deve ser nulo]] 
2021-07-04 14:24:54.090 ERROR 15830 --- [     parallel-5] b.c.b.t.a.e.ControllerExceptionHandler   : === WebExchangeBindException -> Validation failed for argument at index 1 in method: public reactor.core.publisher.Mono<br.com.blz.testjava.api.controller.response.updated.ProductUpdatedResponse> br.com.blz.testjava.api.controller.ProductController.update(long,br.com.blz.testjava.api.controller.request.update.ProductUpdateRequest), with 1 error(s): [Field error in object 'productUpdateRequest' on field 'inventory.warehouses[0].type': rejected value [null]; codes [NotNull.productUpdateRequest.inventory.warehouses[0].type,NotNull.productUpdateRequest.inventory.warehouses.type,NotNull.inventory.warehouses[0].type,NotNull.inventory.warehouses.type,NotNull.type,NotNull.br.com.blz.testjava.domain.model.type.WarehousesType,NotNull]; arguments [org.springframework.context.support.DefaultMessageSourceResolvable: codes [productUpdateRequest.inventory.warehouses[0].type,inventory.warehouses[0].type]; arguments []; default message [inventory.warehouses[0].type]]; default message [não deve ser nulo]] 
2021-07-04 14:24:54.162  INFO 15830 --- [     parallel-6] b.c.b.t.a.controller.ProductController   : ==== update a product with id [5157456004758757376] using a follow request [ProductUpdateRequest(name=Sake, inventory=br.com.blz.testjava.api.controller.request.update.ProductInventoryUpdateRequest@2e95ad99)]
2021-07-04 14:24:54.202  INFO 15830 --- [     parallel-7] b.c.b.t.a.controller.ProductController   : ==== update a product with id [2836795669822501888] using a follow request [ProductUpdateRequest(name=Fenacho, inventory=null)]
2021-07-04 14:24:54.217  INFO 15830 --- [     parallel-8] b.c.b.t.a.controller.ProductController   : ==== update a product with id [7249242982839431168] using a follow request [ProductUpdateRequest(name=Mel, inventory=br.com.blz.testjava.api.controller.request.update.ProductInventoryUpdateRequest@407c7fd8)]
2021-07-04 14:24:54.232  INFO 15830 --- [     parallel-1] b.c.b.t.a.controller.ProductController   : ==== update a product with id [4492023006179173376] using a follow request [ProductUpdateRequest(name=Lagosta, inventory=br.com.blz.testjava.api.controller.request.update.ProductInventoryUpdateRequest@217a6453)]
]]></system-out>
  <system-err><![CDATA[]]></system-err>
</testsuite>
