<?xml version="1.0" encoding="UTF-8"?>
<testsuite name="br.com.blz.testjava.domain.service.ProductServiceTest" tests="6" skipped="0" failures="0" errors="0" timestamp="2021-07-04T17:24:52" hostname="jose-Inspiron-5590" time="0.053">
  <properties/>
  <testcase name="when try update non-existent product then throw a error()" classname="br.com.blz.testjava.domain.service.ProductServiceTest" time="0.011"/>
  <testcase name="delete test()" classname="br.com.blz.testjava.domain.service.ProductServiceTest" time="0.006"/>
  <testcase name="update test()" classname="br.com.blz.testjava.domain.service.ProductServiceTest" time="0.007"/>
  <testcase name="save test()" classname="br.com.blz.testjava.domain.service.ProductServiceTest" time="0.01"/>
  <testcase name="when try delete non-existent product then throw a error()" classname="br.com.blz.testjava.domain.service.ProductServiceTest" time="0.004"/>
  <testcase name="when has product with same sku Then throw error()" classname="br.com.blz.testjava.domain.service.ProductServiceTest" time="0.007"/>
  <system-out><![CDATA[2021-07-04 14:24:52.334  INFO 15830 --- [    Test worker] o.s.t.c.s.DefaultTestContextBootstrapper : Neither @ContextConfiguration nor @ContextHierarchy found for test class [br.com.blz.testjava.domain.service.ProductServiceTest], using DelegatingSmartContextLoader
2021-07-04 14:24:52.335  INFO 15830 --- [    Test worker] o.s.t.c.support.AbstractContextLoader    : Could not detect default resource locations for test class [br.com.blz.testjava.domain.service.ProductServiceTest]: no resource found for suffixes {-context.xml}.
2021-07-04 14:24:52.335  INFO 15830 --- [    Test worker] t.c.s.AnnotationConfigContextLoaderUtils : Could not detect default configuration classes for test class [br.com.blz.testjava.domain.service.ProductServiceTest]: ProductServiceTest does not declare any static, non-private, non-final, nested classes annotated with @Configuration.
2021-07-04 14:24:52.338  INFO 15830 --- [    Test worker] o.s.t.c.s.DefaultTestContextBootstrapper : Loaded default TestExecutionListener class names from location [META-INF/spring.factories]: [org.springframework.boot.test.autoconfigure.restdocs.RestDocsTestExecutionListener, org.springframework.boot.test.autoconfigure.web.client.MockRestServiceServerResetTestExecutionListener, org.springframework.boot.test.autoconfigure.web.servlet.MockMvcPrintOnlyOnFailureTestExecutionListener, org.springframework.boot.test.autoconfigure.web.servlet.WebDriverTestExecutionListener, org.springframework.boot.test.autoconfigure.webservices.client.MockWebServiceServerTestExecutionListener, org.springframework.boot.test.mock.mockito.MockitoTestExecutionListener, org.springframework.boot.test.mock.mockito.ResetMocksTestExecutionListener, org.springframework.test.context.web.ServletTestExecutionListener, org.springframework.test.context.support.DirtiesContextBeforeModesTestExecutionListener, org.springframework.test.context.event.ApplicationEventsTestExecutionListener, org.springframework.test.context.support.DependencyInjectionTestExecutionListener, org.springframework.test.context.support.DirtiesContextTestExecutionListener, org.springframework.test.context.transaction.TransactionalTestExecutionListener, org.springframework.test.context.jdbc.SqlScriptsTestExecutionListener, org.springframework.test.context.event.EventPublishingTestExecutionListener]
2021-07-04 14:24:52.340  INFO 15830 --- [    Test worker] o.s.t.c.s.DefaultTestContextBootstrapper : Using TestExecutionListeners: [org.springframework.test.context.support.DirtiesContextBeforeModesTestExecutionListener@19c6aa62, org.springframework.test.context.event.ApplicationEventsTestExecutionListener@24e7f74f, org.springframework.boot.test.mock.mockito.MockitoTestExecutionListener@219cd5d8, org.springframework.test.context.support.DependencyInjectionTestExecutionListener@283413c, org.springframework.test.context.support.DirtiesContextTestExecutionListener@2eba6eb4, org.springframework.test.context.event.EventPublishingTestExecutionListener@35fca9a3, org.springframework.boot.test.autoconfigure.restdocs.RestDocsTestExecutionListener@720998d1, org.springframework.boot.test.autoconfigure.web.client.MockRestServiceServerResetTestExecutionListener@6a9bbd0d, org.springframework.boot.test.autoconfigure.web.servlet.MockMvcPrintOnlyOnFailureTestExecutionListener@1729b124, org.springframework.boot.test.autoconfigure.web.servlet.WebDriverTestExecutionListener@47c8b3d3, org.springframework.boot.test.autoconfigure.webservices.client.MockWebServiceServerTestExecutionListener@793964eb, org.springframework.boot.test.mock.mockito.ResetMocksTestExecutionListener@4efdcd14]
2021-07-04 14:24:52.365  INFO 15830 --- [    Test worker] b.c.b.t.domain.service.ProductService    :  ==== try to update a follow product [ProductModel(sku=8, name=Atum, warehouses=[WarehouseModel(locality=Bandeira, quantity=17, type=PHYSICAL_STORE), WarehouseModel(locality=Barra do Bugres, quantity=3, type=PHYSICAL_STORE), WarehouseModel(locality=São Roque, quantity=2, type=PHYSICAL_STORE), WarehouseModel(locality=Astorga, quantity=10, type=PHYSICAL_STORE), WarehouseModel(locality=Mossoró, quantity=13, type=ECOMMERCE), WarehouseModel(locality=Novo São Joaquim, quantity=4, type=PHYSICAL_STORE), WarehouseModel(locality=Carrasco Bonito, quantity=5, type=PHYSICAL_STORE)])]
2021-07-04 14:24:52.377  INFO 15830 --- [    Test worker] b.c.b.t.domain.service.ProductService    :  ==== try to delete a product with sku [9]
2021-07-04 14:24:52.385  INFO 15830 --- [    Test worker] b.c.b.t.domain.service.ProductService    :  ==== try to update a follow product [ProductModel(sku=10, name=Abacate, warehouses=[WarehouseModel(locality=Lagoa Formosa, quantity=10, type=PHYSICAL_STORE), WarehouseModel(locality=Japaratuba, quantity=17, type=ECOMMERCE), WarehouseModel(locality=São José do Bonfim, quantity=15, type=ECOMMERCE), WarehouseModel(locality=Esperança Nova, quantity=10, type=PHYSICAL_STORE), WarehouseModel(locality=Flórida Paulista, quantity=12, type=PHYSICAL_STORE), WarehouseModel(locality=Cássia dos Coqueiros, quantity=6, type=PHYSICAL_STORE), WarehouseModel(locality=Araguaína, quantity=11, type=ECOMMERCE), WarehouseModel(locality=Bom Jardim, quantity=9, type=ECOMMERCE), WarehouseModel(locality=Boa Vista do Buricá, quantity=3, type=ECOMMERCE)])]
2021-07-04 14:24:52.394  INFO 15830 --- [    Test worker] b.c.b.t.domain.service.ProductService    :  ==== try to insert a follow product [ProductModel(sku=12, name=Mamão, warehouses=[WarehouseModel(locality=Gararu, quantity=5, type=PHYSICAL_STORE)])]
2021-07-04 14:24:52.404  INFO 15830 --- [    Test worker] b.c.b.t.domain.service.ProductService    :  ==== try to delete a product with sku [15474116]
2021-07-04 14:24:52.411  INFO 15830 --- [    Test worker] b.c.b.t.domain.service.ProductService    :  ==== try to insert a follow product [ProductModel(sku=13, name=Alho-Poró, warehouses=[WarehouseModel(locality=São José da Varginha, quantity=17, type=PHYSICAL_STORE), WarehouseModel(locality=Timon, quantity=1, type=ECOMMERCE), WarehouseModel(locality=Luiziana, quantity=1, type=PHYSICAL_STORE), WarehouseModel(locality=Fraiburgo, quantity=4, type=PHYSICAL_STORE), WarehouseModel(locality=Diamantina, quantity=2, type=PHYSICAL_STORE), WarehouseModel(locality=Santa Terezinha Tocantins, quantity=10, type=PHYSICAL_STORE), WarehouseModel(locality=Rio do Oeste, quantity=10, type=ECOMMERCE), WarehouseModel(locality=Mariana Pimentel, quantity=5, type=PHYSICAL_STORE), WarehouseModel(locality=Iacri, quantity=16, type=ECOMMERCE)])]
]]></system-out>
  <system-err><![CDATA[]]></system-err>
</testsuite>
