<?xml version="1.0" encoding="UTF-8"?>
<testsuite name="br.com.blz.testjava.domain.service.query.ProductQueryServiceTest" tests="2" skipped="0" failures="0" errors="0" timestamp="2021-07-04T17:24:52" hostname="jose-Inspiron-5590" time="0.053">
  <properties/>
  <testcase name="when has no product with sku then throw a error()" classname="br.com.blz.testjava.domain.service.query.ProductQueryServiceTest" time="0.042"/>
  <testcase name="find by sku test()" classname="br.com.blz.testjava.domain.service.query.ProductQueryServiceTest" time="0.009"/>
  <system-out><![CDATA[2021-07-04 14:24:52.056  INFO 15830 --- [    Test worker] o.s.t.c.s.DefaultTestContextBootstrapper : Neither @ContextConfiguration nor @ContextHierarchy found for test class [br.com.blz.testjava.domain.service.query.ProductQueryServiceTest], using DelegatingSmartContextLoader
2021-07-04 14:24:52.058  INFO 15830 --- [    Test worker] o.s.t.c.support.AbstractContextLoader    : Could not detect default resource locations for test class [br.com.blz.testjava.domain.service.query.ProductQueryServiceTest]: no resource found for suffixes {-context.xml}.
2021-07-04 14:24:52.059  INFO 15830 --- [    Test worker] t.c.s.AnnotationConfigContextLoaderUtils : Could not detect default configuration classes for test class [br.com.blz.testjava.domain.service.query.ProductQueryServiceTest]: ProductQueryServiceTest does not declare any static, non-private, non-final, nested classes annotated with @Configuration.
2021-07-04 14:24:52.064  INFO 15830 --- [    Test worker] o.s.t.c.s.DefaultTestContextBootstrapper : Loaded default TestExecutionListener class names from location [META-INF/spring.factories]: [org.springframework.boot.test.autoconfigure.restdocs.RestDocsTestExecutionListener, org.springframework.boot.test.autoconfigure.web.client.MockRestServiceServerResetTestExecutionListener, org.springframework.boot.test.autoconfigure.web.servlet.MockMvcPrintOnlyOnFailureTestExecutionListener, org.springframework.boot.test.autoconfigure.web.servlet.WebDriverTestExecutionListener, org.springframework.boot.test.autoconfigure.webservices.client.MockWebServiceServerTestExecutionListener, org.springframework.boot.test.mock.mockito.MockitoTestExecutionListener, org.springframework.boot.test.mock.mockito.ResetMocksTestExecutionListener, org.springframework.test.context.web.ServletTestExecutionListener, org.springframework.test.context.support.DirtiesContextBeforeModesTestExecutionListener, org.springframework.test.context.event.ApplicationEventsTestExecutionListener, org.springframework.test.context.support.DependencyInjectionTestExecutionListener, org.springframework.test.context.support.DirtiesContextTestExecutionListener, org.springframework.test.context.transaction.TransactionalTestExecutionListener, org.springframework.test.context.jdbc.SqlScriptsTestExecutionListener, org.springframework.test.context.event.EventPublishingTestExecutionListener]
2021-07-04 14:24:52.066  INFO 15830 --- [    Test worker] o.s.t.c.s.DefaultTestContextBootstrapper : Using TestExecutionListeners: [org.springframework.test.context.support.DirtiesContextBeforeModesTestExecutionListener@3cbeb88f, org.springframework.test.context.event.ApplicationEventsTestExecutionListener@78db22dc, org.springframework.boot.test.mock.mockito.MockitoTestExecutionListener@4ca4c51b, org.springframework.test.context.support.DependencyInjectionTestExecutionListener@6328775, org.springframework.test.context.support.DirtiesContextTestExecutionListener@4f813dfc, org.springframework.test.context.event.EventPublishingTestExecutionListener@6eed2b12, org.springframework.boot.test.autoconfigure.restdocs.RestDocsTestExecutionListener@48bb7c9, org.springframework.boot.test.autoconfigure.web.client.MockRestServiceServerResetTestExecutionListener@16108102, org.springframework.boot.test.autoconfigure.web.servlet.MockMvcPrintOnlyOnFailureTestExecutionListener@50b830e1, org.springframework.boot.test.autoconfigure.web.servlet.WebDriverTestExecutionListener@570a245f, org.springframework.boot.test.autoconfigure.webservices.client.MockWebServiceServerTestExecutionListener@ee6f488, org.springframework.boot.test.mock.mockito.ResetMocksTestExecutionListener@1c6c7cc7]
2021-07-04 14:24:52.307  INFO 15830 --- [    Test worker] b.c.b.t.d.s.query.ProductQueryService    :  ==== try to get a product with sku [0]
2021-07-04 14:24:52.323  INFO 15830 --- [    Test worker] b.c.b.t.d.s.query.ProductQueryService    :  ==== try to get a product with sku [7]
]]></system-out>
  <system-err><![CDATA[]]></system-err>
</testsuite>
